> Task :compileJava UP-TO-DATE
> Task :processResources UP-TO-DATE
> Task :classes UP-TO-DATE
> Task :resolveMainClassName

> Task :bootRun

  .   ____          _            __ _ _
 /\\ / ___'_ __ _ _(_)_ __  __ _ \ \ \ \
( ( )\___ | '_ | '_| | '_ \/ _` | \ \ \ \
 \\/  ___)| |_)| | | | | || (_| |  ) ) ) )
  '  |____| .__|_| |_|_| |_\__, | / / / /
 =========|_|==============|___/=/_/_/_/

 :: Spring Boot ::                (v3.5.0)

2026-05-19T20:58:33.428+09:00  INFO 22028 --- [tekken-api] [           main] com.project.tekken.TekkenApplication     : Starting TekkenApplication using Java 17.0.11 with PID 22028 (D:\intellij\tekken\backend\build\classes\java\main started by shekd in D:\intellij\tekken\backend)
2026-05-19T20:58:33.430+09:00  INFO 22028 --- [tekken-api] [           main] com.project.tekken.TekkenApplication     : No active profile set, falling back to 1 default profile: "default"
2026-05-19T20:58:33.856+09:00  INFO 22028 --- [tekken-api] [           main] o.s.b.w.embedded.tomcat.TomcatWebServer  : Tomcat initialized with port 8080 (http)
2026-05-19T20:58:33.863+09:00  INFO 22028 --- [tekken-api] [           main] o.apache.catalina.core.StandardService   : Starting service [Tomcat]
2026-05-19T20:58:33.864+09:00  INFO 22028 --- [tekken-api] [           main] o.apache.catalina.core.StandardEngine    : Starting Servlet engine: [Apache Tomcat/10.1.41]
2026-05-19T20:58:33.893+09:00  INFO 22028 --- [tekken-api] [           main] o.a.c.c.C.[Tomcat].[localhost].[/]       : Initializing Spring embedded WebApplicationContext
2026-05-19T20:58:33.894+09:00  INFO 22028 --- [tekken-api] [           main] w.s.c.ServletWebServerApplicationContext : Root WebApplicationContext: initialization completed in 444 ms
2026-05-19T20:58:34.070+09:00  INFO 22028 --- [tekken-api] [           main] o.s.b.w.embedded.tomcat.TomcatWebServer  : Tomcat started on port 8080 (http) with context path '/'
2026-05-19T20:58:34.076+09:00  INFO 22028 --- [tekken-api] [           main] com.project.tekken.TekkenApplication     : Started TekkenApplication in 0.893 seconds (process running for 1.059)
2026-05-19T20:58:43.971+09:00  INFO 22028 --- [tekken-api] [nio-8080-exec-1] o.a.c.c.C.[Tomcat].[localhost].[/]       : Initializing Spring DispatcherServlet 'dispatcherServlet'
2026-05-19T20:58:43.971+09:00  INFO 22028 --- [tekken-api] [nio-8080-exec-1] o.s.web.servlet.DispatcherServlet        : Initializing Servlet 'dispatcherServlet'
2026-05-19T20:58:43.972+09:00  INFO 22028 --- [tekken-api] [nio-8080-exec-1] o.s.web.servlet.DispatcherServlet        : Completed initialization in 1 ms

> Task :bootRun FAILED

FAILURE: Build failed with an exception.

* What went wrong:
Execution failed for task ':bootRun'.
> Process 'command 'C:\Program Files\Java\jdk-17\bin\java.exe'' finished with non-zero exit value 1

* Try:
> Run with --stacktrace option to get the stack trace.
> Run with --info or --debug option to get more log output.
> Run with --scan to get full insights.
> Get more help at https://help.gradle.org.

BUILD FAILED in 12m 15s
4 actionable tasks: 2 executed, 2 up-to-date
